mode: set
service-auth/internal/repository/mysql/init.go:18.43,22.2 1 1
service-auth/internal/repository/mysql/user.go:11.78,17.16 3 1
service-auth/internal/repository/mysql/user.go:22.2,22.12 1 1
service-auth/internal/repository/mysql/user.go:17.16,20.3 2 1
service-auth/internal/repository/mysql/user.go:24.93,32.16 3 1
service-auth/internal/repository/mysql/user.go:36.2,38.17 2 1
service-auth/internal/repository/mysql/user.go:45.2,45.18 1 1
service-auth/internal/repository/mysql/user.go:32.16,35.3 2 1
service-auth/internal/repository/mysql/user.go:38.17,39.87 1 1
service-auth/internal/repository/mysql/user.go:39.87,42.4 2 1
service-auth/internal/usecase/init.go:19.61,23.2 1 1
service-auth/internal/usecase/user.go:15.91,24.16 3 1
service-auth/internal/usecase/user.go:29.2,29.22 1 1
service-auth/internal/usecase/user.go:33.2,36.49 3 1
service-auth/internal/usecase/user.go:40.2,41.16 2 1
service-auth/internal/usecase/user.go:47.2,49.115 2 1
service-auth/internal/usecase/user.go:24.16,27.3 2 1
service-auth/internal/usecase/user.go:29.22,31.3 1 1
service-auth/internal/usecase/user.go:36.49,38.3 1 1
service-auth/internal/usecase/user.go:41.16,44.3 2 1
service-auth/internal/usecase/user.go:52.90,61.16 3 1
service-auth/internal/usecase/user.go:66.2,66.30 1 1
service-auth/internal/usecase/user.go:70.2,71.16 2 1
service-auth/internal/usecase/user.go:75.2,81.111 3 1
service-auth/internal/usecase/user.go:61.16,64.3 2 1
service-auth/internal/usecase/user.go:66.30,68.3 1 1
service-auth/internal/usecase/user.go:71.16,73.3 1 0
service-auth/internal/usecase/user.go:84.88,90.17 2 1
service-auth/internal/usecase/user.go:94.2,95.16 2 1
service-auth/internal/usecase/user.go:99.2,99.49 1 1
service-auth/internal/usecase/user.go:103.2,103.104 1 1
service-auth/internal/usecase/user.go:90.17,92.3 1 1
service-auth/internal/usecase/user.go:95.16,97.3 1 1
service-auth/internal/usecase/user.go:99.49,101.3 1 1
service-auth/internal/delivery/api/init.go:19.65,23.2 1 1
service-auth/internal/delivery/api/user.go:28.58,39.16 5 1
service-auth/internal/delivery/api/user.go:44.2,44.57 1 1
service-auth/internal/delivery/api/user.go:49.2,50.37 2 1
service-auth/internal/delivery/api/user.go:39.16,42.3 2 1
service-auth/internal/delivery/api/user.go:44.57,47.3 2 1
service-auth/internal/delivery/api/user.go:68.51,79.16 5 1
service-auth/internal/delivery/api/user.go:84.2,84.43 1 1
service-auth/internal/delivery/api/user.go:89.2,90.37 2 1
service-auth/internal/delivery/api/user.go:79.16,82.3 2 1
service-auth/internal/delivery/api/user.go:84.43,87.3 2 1
service-auth/internal/delivery/api/user.go:93.53,104.17 5 1
service-auth/internal/delivery/api/user.go:109.2,110.37 2 1
service-auth/internal/delivery/api/user.go:104.17,107.3 2 1
